
> BE-SchoolPilot@0.0.1 start
> nest start

[32m[Nest] 20013  - [39m03/28/2026, 1:01:45 PM [32m    LOG[39m [38;5;3m[NestFactory] [39m[32mStarting Nest application...[39m
[32m[Nest] 20013  - [39m03/28/2026, 1:01:45 PM [32m    LOG[39m [38;5;3m[InstanceLoader] [39m[32mAppModule dependencies initialized[39m[38;5;3m +36ms[39m
[32m[Nest] 20013  - [39m03/28/2026, 1:01:45 PM [32m    LOG[39m [38;5;3m[InstanceLoader] [39m[32mTypeOrmModule dependencies initialized[39m[38;5;3m +1ms[39m
[32m[Nest] 20013  - [39m03/28/2026, 1:01:45 PM [32m    LOG[39m [38;5;3m[InstanceLoader] [39m[32mPassportModule dependencies initialized[39m[38;5;3m +0ms[39m
[32m[Nest] 20013  - [39m03/28/2026, 1:01:45 PM [32m    LOG[39m [38;5;3m[InstanceLoader] [39m[32mConfigHostModule dependencies initialized[39m[38;5;3m +1ms[39m
[32m[Nest] 20013  - [39m03/28/2026, 1:01:45 PM [32m    LOG[39m [38;5;3m[InstanceLoader] [39m[32mJwtModule dependencies initialized[39m[38;5;3m +0ms[39m
[32m[Nest] 20013  - [39m03/28/2026, 1:01:45 PM [32m    LOG[39m [38;5;3m[InstanceLoader] [39m[32mConfigModule dependencies initialized[39m[38;5;3m +4ms[39m
[32m[Nest] 20013  - [39m03/28/2026, 1:01:45 PM [32m    LOG[39m [38;5;3m[InstanceLoader] [39m[32mConfigModule dependencies initialized[39m[38;5;3m +0ms[39m
[32m[Nest] 20013  - [39m03/28/2026, 1:01:46 PM [32m    LOG[39m [38;5;3m[InstanceLoader] [39m[32mGraphQLSchemaBuilderModule dependencies initialized[39m[38;5;3m +45ms[39m
[32m[Nest] 20013  - [39m03/28/2026, 1:01:46 PM [32m    LOG[39m [38;5;3m[InstanceLoader] [39m[32mUploadModule dependencies initialized[39m[38;5;3m +2ms[39m
[32m[Nest] 20013  - [39m03/28/2026, 1:01:46 PM [32m    LOG[39m [38;5;3m[InstanceLoader] [39m[32mGraphQLModule dependencies initialized[39m[38;5;3m +0ms[39m
[32m[Nest] 20013  - [39m03/28/2026, 1:01:53 PM [32m    LOG[39m [38;5;3m[InstanceLoader] [39m[32mTypeOrmCoreModule dependencies initialized[39m[38;5;3m +7027ms[39m
[32m[Nest] 20013  - [39m03/28/2026, 1:01:53 PM [32m    LOG[39m [38;5;3m[InstanceLoader] [39m[32mTypeOrmModule dependencies initialized[39m[38;5;3m +0ms[39m
[32m[Nest] 20013  - [39m03/28/2026, 1:01:53 PM [32m    LOG[39m [38;5;3m[InstanceLoader] [39m[32mTypeOrmModule dependencies initialized[39m[38;5;3m +0ms[39m
[32m[Nest] 20013  - [39m03/28/2026, 1:01:53 PM [32m    LOG[39m [38;5;3m[InstanceLoader] [39m[32mTypeOrmModule dependencies initialized[39m[38;5;3m +0ms[39m
[32m[Nest] 20013  - [39m03/28/2026, 1:01:53 PM [32m    LOG[39m [38;5;3m[InstanceLoader] [39m[32mTypeOrmModule dependencies initialized[39m[38;5;3m +1ms[39m
[32m[Nest] 20013  - [39m03/28/2026, 1:01:53 PM [32m    LOG[39m [38;5;3m[InstanceLoader] [39m[32mTypeOrmModule dependencies initialized[39m[38;5;3m +0ms[39m
[32m[Nest] 20013  - [39m03/28/2026, 1:01:53 PM [32m    LOG[39m [38;5;3m[InstanceLoader] [39m[32mTypeOrmModule dependencies initialized[39m[38;5;3m +0ms[39m
[32m[Nest] 20013  - [39m03/28/2026, 1:01:53 PM [32m    LOG[39m [38;5;3m[InstanceLoader] [39m[32mTypeOrmModule dependencies initialized[39m[38;5;3m +0ms[39m
[32m[Nest] 20013  - [39m03/28/2026, 1:01:53 PM [32m    LOG[39m [38;5;3m[InstanceLoader] [39m[32mTypeOrmModule dependencies initialized[39m[38;5;3m +0ms[39m
[32m[Nest] 20013  - [39m03/28/2026, 1:01:53 PM [32m    LOG[39m [38;5;3m[InstanceLoader] [39m[32mTypeOrmModule dependencies initialized[39m[38;5;3m +1ms[39m
[32m[Nest] 20013  - [39m03/28/2026, 1:01:53 PM [32m    LOG[39m [38;5;3m[InstanceLoader] [39m[32mTypeOrmModule dependencies initialized[39m[38;5;3m +0ms[39m
[32m[Nest] 20013  - [39m03/28/2026, 1:01:53 PM [32m    LOG[39m [38;5;3m[InstanceLoader] [39m[32mTypeOrmModule dependencies initialized[39m[38;5;3m +0ms[39m
[32m[Nest] 20013  - [39m03/28/2026, 1:01:53 PM [32m    LOG[39m [38;5;3m[InstanceLoader] [39m[32mNotificationsModule dependencies initialized[39m[38;5;3m +1ms[39m
[32m[Nest] 20013  - [39m03/28/2026, 1:01:53 PM [32m    LOG[39m [38;5;3m[InstanceLoader] [39m[32mAttendanceModule dependencies initialized[39m[38;5;3m +7ms[39m
[32m[Nest] 20013  - [39m03/28/2026, 1:01:53 PM [32m    LOG[39m [38;5;3m[InstanceLoader] [39m[32mClassesModule dependencies initialized[39m[38;5;3m +1ms[39m
[32m[Nest] 20013  - [39m03/28/2026, 1:01:53 PM [32m    LOG[39m [38;5;3m[InstanceLoader] [39m[32mSubjectsModule dependencies initialized[39m[38;5;3m +0ms[39m
[32m[Nest] 20013  - [39m03/28/2026, 1:01:53 PM [32m    LOG[39m [38;5;3m[InstanceLoader] [39m[32mTermsModule dependencies initialized[39m[38;5;3m +0ms[39m
[32m[Nest] 20013  - [39m03/28/2026, 1:01:53 PM [32m    LOG[39m [38;5;3m[InstanceLoader] [39m[32mSchoolsModule dependencies initialized[39m[38;5;3m +0ms[39m
[32m[Nest] 20013  - [39m03/28/2026, 1:01:53 PM [32m    LOG[39m [38;5;3m[InstanceLoader] [39m[32mResultsModule dependencies initialized[39m[38;5;3m +1ms[39m
[32m[Nest] 20013  - [39m03/28/2026, 1:01:53 PM [32m    LOG[39m [38;5;3m[InstanceLoader] [39m[32mPdfModule dependencies initialized[39m[38;5;3m +1ms[39m
[32m[Nest] 20013  - [39m03/28/2026, 1:01:53 PM [32m    LOG[39m [38;5;3m[InstanceLoader] [39m[32mIdCardsModule dependencies initialized[39m[38;5;3m +1ms[39m
[32m[Nest] 20013  - [39m03/28/2026, 1:01:53 PM [32m    LOG[39m [38;5;3m[InstanceLoader] [39m[32mUsersModule dependencies initialized[39m[38;5;3m +0ms[39m
[32m[Nest] 20013  - [39m03/28/2026, 1:01:53 PM [32m    LOG[39m [38;5;3m[InstanceLoader] [39m[32mStudentsModule dependencies initialized[39m[38;5;3m +1ms[39m
[32m[Nest] 20013  - [39m03/28/2026, 1:01:53 PM [32m    LOG[39m [38;5;3m[InstanceLoader] [39m[32mAuthModule dependencies initialized[39m[38;5;3m +0ms[39m
[32m[Nest] 20013  - [39m03/28/2026, 1:01:53 PM [32m    LOG[39m [38;5;3m[GraphQLModule] [39m[32mMapped {/graphql, POST} route[39m[38;5;3m +226ms[39m
[32m[Nest] 20013  - [39m03/28/2026, 1:01:53 PM [32m    LOG[39m [38;5;3m[NestApplication] [39m[32mNest application successfully started[39m[38;5;3m +3ms[39m
